<?xml version="1.0" encoding="UTF-8"?>
<!-- Generated by org.testng.reporters.JUnitReportReporter -->
<testsuite hostname="DESKTOP-594GD6M" failures="0" tests="1" name="LoginClass" time="16.317" errors="0" timestamp="2023-05-14T15:13:03 IST" skipped="0">
  <testcase classname="LoginClass" name="testLogin" time="16.317"/>
  <system-out/>
</testsuite> <!-- LoginClass -->
