<?xml version="1.0" encoding="UTF-8"?>
<!-- Generated by org.testng.reporters.JUnitReportReporter -->
<testsuite hostname="DESKTOP-594GD6M" failures="0" tests="1" name="TestTogether.LoginTest" time="15.917" errors="0" timestamp="2023-05-15T10:23:50 IST" skipped="0">
  <testcase classname="TestTogether.LoginTest" name="testLogin" time="15.917"/>
  <system-out/>
</testsuite> <!-- TestTogether.LoginTest -->
