<?xml version="1.0" encoding="UTF-8"?>
<!-- Generated by org.testng.reporters.JUnitReportReporter -->
<testsuite hostname="DESKTOP-594GD6M" failures="0" tests="1" name="TestTogether.LoginTest" time="19.306" errors="0" timestamp="15 May 2023 06:40:03 GMT" skipped="0">
  <testcase classname="TestTogether.LoginTest" name="testLogin" time="19.306"/>
</testsuite> <!-- TestTogether.LoginTest -->
